
Time to fit: 0:03:03.484334

Best parameters set:
{'selection__k': 17, 'classifier__tol': 1e-16, 'classifier__n_clusters': 2}

Grid score:
0.169 for {'selection__k': 10, 'classifier__tol': 1e-16, 'classifier__n_clusters': 2}
0.197 for {'selection__k': 12, 'classifier__tol': 1e-16, 'classifier__n_clusters': 2}
0.241 for {'selection__k': 17, 'classifier__tol': 1e-16, 'classifier__n_clusters': 2}
0.205 for {'selection__k': 20, 'classifier__tol': 1e-16, 'classifier__n_clusters': 2}
0.219 for {'selection__k': 'all', 'classifier__tol': 1e-16, 'classifier__n_clusters': 2}
0.175 for {'selection__k': 10, 'classifier__tol': 1e-08, 'classifier__n_clusters': 2}
0.204 for {'selection__k': 12, 'classifier__tol': 1e-08, 'classifier__n_clusters': 2}
0.232 for {'selection__k': 17, 'classifier__tol': 1e-08, 'classifier__n_clusters': 2}
0.211 for {'selection__k': 20, 'classifier__tol': 1e-08, 'classifier__n_clusters': 2}
0.221 for {'selection__k': 'all', 'classifier__tol': 1e-08, 'classifier__n_clusters': 2}
0.167 for {'selection__k': 10, 'classifier__tol': 0.0001, 'classifier__n_clusters': 2}
0.207 for {'selection__k': 12, 'classifier__tol': 0.0001, 'classifier__n_clusters': 2}
0.219 for {'selection__k': 17, 'classifier__tol': 0.0001, 'classifier__n_clusters': 2}
0.215 for {'selection__k': 20, 'classifier__tol': 0.0001, 'classifier__n_clusters': 2}
0.211 for {'selection__k': 'all', 'classifier__tol': 0.0001, 'classifier__n_clusters': 2}
0.162 for {'selection__k': 10, 'classifier__tol': 0.01, 'classifier__n_clusters': 2}
0.211 for {'selection__k': 12, 'classifier__tol': 0.01, 'classifier__n_clusters': 2}
0.218 for {'selection__k': 17, 'classifier__tol': 0.01, 'classifier__n_clusters': 2}
0.211 for {'selection__k': 20, 'classifier__tol': 0.01, 'classifier__n_clusters': 2}
0.211 for {'selection__k': 'all', 'classifier__tol': 0.01, 'classifier__n_clusters': 2}
0.174 for {'selection__k': 10, 'classifier__tol': 0.1, 'classifier__n_clusters': 2}
0.188 for {'selection__k': 12, 'classifier__tol': 0.1, 'classifier__n_clusters': 2}
0.232 for {'selection__k': 17, 'classifier__tol': 0.1, 'classifier__n_clusters': 2}
0.208 for {'selection__k': 20, 'classifier__tol': 0.1, 'classifier__n_clusters': 2}
0.221 for {'selection__k': 'all', 'classifier__tol': 0.1, 'classifier__n_clusters': 2}

Scored features: 17 selected
                        Feature      Score Selected
1             total_stock_value  22.782108     True
2       exercised_stock_options  22.610531     True
3                         bonus  21.060002     True
4                        salary  18.575703     True
5                  total_income  17.182708     True
6               deferred_income  11.561888     True
7   fraction_poi_correspondence  10.222227     True
8           long_term_incentive  10.072455     True
9                total_payments   9.380237     True
10             restricted_stock   8.964964     True
11     total_poi_correspondence   8.773847     True
12      shared_receipt_with_poi   8.746486     True
13                loan_advances   7.242730     True
14                     expenses   5.550684     True
15      from_poi_to_this_person   5.344942     True
16            fraction_from_poi   5.209650     True
17                        other   4.219888     True
18              fraction_to_poi   4.169084    False
19      from_this_person_to_poi   2.426508    False
20                director_fees   2.112762    False
21                  to_messages   1.698824    False
22    restricted_stock_deferred   0.743493    False
23            deferral_payments   0.221214    False
24                from_messages   0.164164    False

Pipeline(steps=[('minmaxer', MinMaxScaler(copy=True, feature_range=(0, 1))), ('selection', SelectKBest(k=17, score_func=<function f_classif at 0x112ae7668>)), ('classifier', KMeans(copy_x=True, init='k-means++', max_iter=300, n_clusters=2, n_init=10,
    n_jobs=1, precompute_distances='auto', random_state=None, tol=1e-16,
    verbose=0))])
	Accuracy: 0.50507	Precision: 0.13568	Recall: 0.50500	F1: 0.21389	F2: 0.32699
	Total predictions: 15000	True positives: 1010	False positives: 6434	False negatives:  990	True negatives: 6566

