
Time to fit: 0:04:01.465305

Best parameters set:
{'selection__k': 10, 'classifier__tol': 0.0001, 'classifier__n_clusters': 2}

Grid score:
0.230 for {'selection__k': 10, 'classifier__tol': 1e-16, 'classifier__n_clusters': 2}
0.229 for {'selection__k': 12, 'classifier__tol': 1e-16, 'classifier__n_clusters': 2}
0.233 for {'selection__k': 17, 'classifier__tol': 1e-16, 'classifier__n_clusters': 2}
0.235 for {'selection__k': 20, 'classifier__tol': 1e-16, 'classifier__n_clusters': 2}
0.227 for {'selection__k': 'all', 'classifier__tol': 1e-16, 'classifier__n_clusters': 2}
0.233 for {'selection__k': 10, 'classifier__tol': 1e-08, 'classifier__n_clusters': 2}
0.232 for {'selection__k': 12, 'classifier__tol': 1e-08, 'classifier__n_clusters': 2}
0.239 for {'selection__k': 17, 'classifier__tol': 1e-08, 'classifier__n_clusters': 2}
0.239 for {'selection__k': 20, 'classifier__tol': 1e-08, 'classifier__n_clusters': 2}
0.233 for {'selection__k': 'all', 'classifier__tol': 1e-08, 'classifier__n_clusters': 2}
0.245 for {'selection__k': 10, 'classifier__tol': 0.0001, 'classifier__n_clusters': 2}
0.225 for {'selection__k': 12, 'classifier__tol': 0.0001, 'classifier__n_clusters': 2}
0.242 for {'selection__k': 17, 'classifier__tol': 0.0001, 'classifier__n_clusters': 2}
0.237 for {'selection__k': 20, 'classifier__tol': 0.0001, 'classifier__n_clusters': 2}
0.235 for {'selection__k': 'all', 'classifier__tol': 0.0001, 'classifier__n_clusters': 2}
0.237 for {'selection__k': 10, 'classifier__tol': 0.01, 'classifier__n_clusters': 2}
0.227 for {'selection__k': 12, 'classifier__tol': 0.01, 'classifier__n_clusters': 2}
0.232 for {'selection__k': 17, 'classifier__tol': 0.01, 'classifier__n_clusters': 2}
0.238 for {'selection__k': 20, 'classifier__tol': 0.01, 'classifier__n_clusters': 2}
0.240 for {'selection__k': 'all', 'classifier__tol': 0.01, 'classifier__n_clusters': 2}
0.230 for {'selection__k': 10, 'classifier__tol': 0.1, 'classifier__n_clusters': 2}
0.231 for {'selection__k': 12, 'classifier__tol': 0.1, 'classifier__n_clusters': 2}
0.241 for {'selection__k': 17, 'classifier__tol': 0.1, 'classifier__n_clusters': 2}
0.236 for {'selection__k': 20, 'classifier__tol': 0.1, 'classifier__n_clusters': 2}
0.231 for {'selection__k': 'all', 'classifier__tol': 0.1, 'classifier__n_clusters': 2}

Scored features: 10 selected
                        Feature      Score Selected
1       exercised_stock_options  22.610531     True
2                         bonus  21.060002     True
3                        salary  18.575703     True
4                  total_income  17.182708     True
5               deferred_income  11.561888     True
6   fraction_poi_correspondence  10.222227     True
7           long_term_incentive  10.072455     True
8              restricted_stock   8.964964     True
9      total_poi_correspondence   8.773847     True
10      shared_receipt_with_poi   8.746486     True
11                loan_advances   7.242730    False
12                     expenses   5.550684    False
13      from_poi_to_this_person   5.344942    False
14            fraction_from_poi   5.209650    False
15                        other   4.219888    False
16              fraction_to_poi   4.169084    False
17      from_this_person_to_poi   2.426508    False
18                director_fees   2.112762    False
19                  to_messages   1.698824    False
20    restricted_stock_deferred   0.743493    False
21            deferral_payments   0.221214    False
22                from_messages   0.164164    False

Pipeline(steps=[('minmaxer', MinMaxScaler(copy=True, feature_range=(0, 1))), ('selection', SelectKBest(k=10, score_func=<function f_classif at 0x11220e7d0>)), ('classifier', KMeans(copy_x=True, init='k-means++', max_iter=300, n_clusters=2, n_init=10,
    n_jobs=1, precompute_distances='auto', random_state=None, tol=0.0001,
    verbose=0))])
	Accuracy: 0.51420	Precision: 0.13970	Recall: 0.51250	F1: 0.21956	F2: 0.33416
	Total predictions: 15000	True positives: 1025	False positives: 6312	False negatives:  975	True negatives: 6688

