
Time to fit: 0:01:32.450786

Best parameters set:
{'classifier__class_weight': 'balanced', 'selection__k': 20, 'classifier__C': 1}

Grid score:
0.235 for {'classifier__class_weight': 'balanced', 'selection__k': 10, 'classifier__C': 1e-05}
0.235 for {'classifier__class_weight': 'balanced', 'selection__k': 12, 'classifier__C': 1e-05}
0.235 for {'classifier__class_weight': 'balanced', 'selection__k': 17, 'classifier__C': 1e-05}
0.235 for {'classifier__class_weight': 'balanced', 'selection__k': 20, 'classifier__C': 1e-05}
0.235 for {'classifier__class_weight': 'balanced', 'selection__k': 'all', 'classifier__C': 1e-05}
0.000 for {'classifier__class_weight': 'balanced', 'selection__k': 10, 'classifier__C': 0.01}
0.000 for {'classifier__class_weight': 'balanced', 'selection__k': 12, 'classifier__C': 0.01}
0.000 for {'classifier__class_weight': 'balanced', 'selection__k': 17, 'classifier__C': 0.01}
0.000 for {'classifier__class_weight': 'balanced', 'selection__k': 20, 'classifier__C': 0.01}
0.000 for {'classifier__class_weight': 'balanced', 'selection__k': 'all', 'classifier__C': 0.01}
0.273 for {'classifier__class_weight': 'balanced', 'selection__k': 10, 'classifier__C': 0.1}
0.249 for {'classifier__class_weight': 'balanced', 'selection__k': 12, 'classifier__C': 0.1}
0.235 for {'classifier__class_weight': 'balanced', 'selection__k': 17, 'classifier__C': 0.1}
0.235 for {'classifier__class_weight': 'balanced', 'selection__k': 20, 'classifier__C': 0.1}
0.235 for {'classifier__class_weight': 'balanced', 'selection__k': 'all', 'classifier__C': 0.1}
0.329 for {'classifier__class_weight': 'balanced', 'selection__k': 10, 'classifier__C': 1}
0.377 for {'classifier__class_weight': 'balanced', 'selection__k': 12, 'classifier__C': 1}
0.382 for {'classifier__class_weight': 'balanced', 'selection__k': 17, 'classifier__C': 1}
0.408 for {'classifier__class_weight': 'balanced', 'selection__k': 20, 'classifier__C': 1}
0.401 for {'classifier__class_weight': 'balanced', 'selection__k': 'all', 'classifier__C': 1}

Scored features: 20 selected
                        Feature      Score Selected
1       exercised_stock_options  22.610531     True
2                         bonus  21.060002     True
3                        salary  18.575703     True
4                  total_income  17.182708     True
5               deferred_income  11.561888     True
6   fraction_poi_correspondence  10.222227     True
7           long_term_incentive  10.072455     True
8              restricted_stock   8.964964     True
9      total_poi_correspondence   8.773847     True
10      shared_receipt_with_poi   8.746486     True
11                loan_advances   7.242730     True
12                     expenses   5.550684     True
13      from_poi_to_this_person   5.344942     True
14            fraction_from_poi   5.209650     True
15                        other   4.219888     True
16              fraction_to_poi   4.169084     True
17      from_this_person_to_poi   2.426508     True
18                director_fees   2.112762     True
19                  to_messages   1.698824     True
20    restricted_stock_deferred   0.743493     True
21            deferral_payments   0.221214    False
22                from_messages   0.164164    False

Pipeline(steps=[('minmaxer', MinMaxScaler(copy=True, feature_range=(0, 1))), ('selection', SelectKBest(k=20, score_func=<function f_classif at 0x11220e7d0>)), ('classifier', SVC(C=1, cache_size=200, class_weight='balanced', coef0=0.0,
  decision_function_shape=None, degree=3, gamma='auto', kernel='rbf',
  max_iter=-1, probability=False, random_state=None, shrinking=True,
  tol=0.001, verbose=False))])
	Accuracy: 0.68713	Precision: 0.25708	Recall: 0.71250	F1: 0.37783	F2: 0.52610
	Total predictions: 15000	True positives: 1425	False positives: 4118	False negatives:  575	True negatives: 8882

