
Time to fit: 0:03:03.042839

Best parameters set:
{'selection__k': 'all', 'classifier__tol': 0.01, 'classifier__n_clusters': 2}

Grid score:
0.174 for {'selection__k': 10, 'classifier__tol': 1e-16, 'classifier__n_clusters': 2}
0.197 for {'selection__k': 12, 'classifier__tol': 1e-16, 'classifier__n_clusters': 2}
0.205 for {'selection__k': 17, 'classifier__tol': 1e-16, 'classifier__n_clusters': 2}
0.205 for {'selection__k': 20, 'classifier__tol': 1e-16, 'classifier__n_clusters': 2}
0.224 for {'selection__k': 'all', 'classifier__tol': 1e-16, 'classifier__n_clusters': 2}
0.154 for {'selection__k': 10, 'classifier__tol': 1e-08, 'classifier__n_clusters': 2}
0.193 for {'selection__k': 12, 'classifier__tol': 1e-08, 'classifier__n_clusters': 2}
0.196 for {'selection__k': 17, 'classifier__tol': 1e-08, 'classifier__n_clusters': 2}
0.217 for {'selection__k': 20, 'classifier__tol': 1e-08, 'classifier__n_clusters': 2}
0.209 for {'selection__k': 'all', 'classifier__tol': 1e-08, 'classifier__n_clusters': 2}
0.175 for {'selection__k': 10, 'classifier__tol': 0.0001, 'classifier__n_clusters': 2}
0.184 for {'selection__k': 12, 'classifier__tol': 0.0001, 'classifier__n_clusters': 2}
0.217 for {'selection__k': 17, 'classifier__tol': 0.0001, 'classifier__n_clusters': 2}
0.221 for {'selection__k': 20, 'classifier__tol': 0.0001, 'classifier__n_clusters': 2}
0.222 for {'selection__k': 'all', 'classifier__tol': 0.0001, 'classifier__n_clusters': 2}
0.170 for {'selection__k': 10, 'classifier__tol': 0.01, 'classifier__n_clusters': 2}
0.208 for {'selection__k': 12, 'classifier__tol': 0.01, 'classifier__n_clusters': 2}
0.224 for {'selection__k': 17, 'classifier__tol': 0.01, 'classifier__n_clusters': 2}
0.217 for {'selection__k': 20, 'classifier__tol': 0.01, 'classifier__n_clusters': 2}
0.230 for {'selection__k': 'all', 'classifier__tol': 0.01, 'classifier__n_clusters': 2}
0.169 for {'selection__k': 10, 'classifier__tol': 0.1, 'classifier__n_clusters': 2}
0.186 for {'selection__k': 12, 'classifier__tol': 0.1, 'classifier__n_clusters': 2}
0.229 for {'selection__k': 17, 'classifier__tol': 0.1, 'classifier__n_clusters': 2}
0.211 for {'selection__k': 20, 'classifier__tol': 0.1, 'classifier__n_clusters': 2}
0.207 for {'selection__k': 'all', 'classifier__tol': 0.1, 'classifier__n_clusters': 2}

Scored features: 24 selected
                        Feature      Score Selected
1             total_stock_value  22.782108     True
2       exercised_stock_options  22.610531     True
3                         bonus  21.060002     True
4                        salary  18.575703     True
5                  total_income  17.182708     True
6               deferred_income  11.561888     True
7   fraction_poi_correspondence  10.222227     True
8           long_term_incentive  10.072455     True
9                total_payments   9.380237     True
10             restricted_stock   8.964964     True
11     total_poi_correspondence   8.773847     True
12      shared_receipt_with_poi   8.746486     True
13                loan_advances   7.242730     True
14                     expenses   5.550684     True
15      from_poi_to_this_person   5.344942     True
16            fraction_from_poi   5.209650     True
17                        other   4.219888     True
18              fraction_to_poi   4.169084     True
19      from_this_person_to_poi   2.426508     True
20                director_fees   2.112762     True
21                  to_messages   1.698824     True
22    restricted_stock_deferred   0.743493     True
23            deferral_payments   0.221214     True
24                from_messages   0.164164     True

Pipeline(steps=[('minmaxer', MinMaxScaler(copy=True, feature_range=(0, 1))), ('selection', SelectKBest(k='all', score_func=<function f_classif at 0x112ae7668>)), ('classifier', KMeans(copy_x=True, init='k-means++', max_iter=300, n_clusters=2, n_init=10,
    n_jobs=1, precompute_distances='auto', random_state=None, tol=0.01,
    verbose=0))])
	Accuracy: 0.50847	Precision: 0.13857	Recall: 0.51500	F1: 0.21838	F2: 0.33370
	Total predictions: 15000	True positives: 1030	False positives: 6403	False negatives:  970	True negatives: 6597

