
Time to fit: 0:03:47.898532

Best parameters set:
{'selection__k': 17, 'classifier__tol': 0.1, 'classifier__n_clusters': 2}

Grid score:
0.202 for {'selection__k': 10, 'classifier__tol': 1e-16, 'classifier__n_clusters': 2}
0.229 for {'selection__k': 12, 'classifier__tol': 1e-16, 'classifier__n_clusters': 2}
0.241 for {'selection__k': 17, 'classifier__tol': 1e-16, 'classifier__n_clusters': 2}
0.231 for {'selection__k': 20, 'classifier__tol': 1e-16, 'classifier__n_clusters': 2}
0.227 for {'selection__k': 'all', 'classifier__tol': 1e-16, 'classifier__n_clusters': 2}
0.195 for {'selection__k': 10, 'classifier__tol': 1e-08, 'classifier__n_clusters': 2}
0.224 for {'selection__k': 12, 'classifier__tol': 1e-08, 'classifier__n_clusters': 2}
0.233 for {'selection__k': 17, 'classifier__tol': 1e-08, 'classifier__n_clusters': 2}
0.235 for {'selection__k': 20, 'classifier__tol': 1e-08, 'classifier__n_clusters': 2}
0.222 for {'selection__k': 'all', 'classifier__tol': 1e-08, 'classifier__n_clusters': 2}
0.198 for {'selection__k': 10, 'classifier__tol': 0.0001, 'classifier__n_clusters': 2}
0.216 for {'selection__k': 12, 'classifier__tol': 0.0001, 'classifier__n_clusters': 2}
0.230 for {'selection__k': 17, 'classifier__tol': 0.0001, 'classifier__n_clusters': 2}
0.240 for {'selection__k': 20, 'classifier__tol': 0.0001, 'classifier__n_clusters': 2}
0.231 for {'selection__k': 'all', 'classifier__tol': 0.0001, 'classifier__n_clusters': 2}
0.196 for {'selection__k': 10, 'classifier__tol': 0.01, 'classifier__n_clusters': 2}
0.238 for {'selection__k': 12, 'classifier__tol': 0.01, 'classifier__n_clusters': 2}
0.237 for {'selection__k': 17, 'classifier__tol': 0.01, 'classifier__n_clusters': 2}
0.232 for {'selection__k': 20, 'classifier__tol': 0.01, 'classifier__n_clusters': 2}
0.235 for {'selection__k': 'all', 'classifier__tol': 0.01, 'classifier__n_clusters': 2}
0.202 for {'selection__k': 10, 'classifier__tol': 0.1, 'classifier__n_clusters': 2}
0.233 for {'selection__k': 12, 'classifier__tol': 0.1, 'classifier__n_clusters': 2}
0.241 for {'selection__k': 17, 'classifier__tol': 0.1, 'classifier__n_clusters': 2}
0.227 for {'selection__k': 20, 'classifier__tol': 0.1, 'classifier__n_clusters': 2}
0.223 for {'selection__k': 'all', 'classifier__tol': 0.1, 'classifier__n_clusters': 2}

Scored features: 17 selected
                        Feature      Score Selected
1             total_stock_value  22.782108     True
2       exercised_stock_options  22.610531     True
3                         bonus  21.060002     True
4                        salary  18.575703     True
5                  total_income  17.182708     True
6               deferred_income  11.561888     True
7   fraction_poi_correspondence  10.222227     True
8           long_term_incentive  10.072455     True
9                total_payments   9.380237     True
10             restricted_stock   8.964964     True
11     total_poi_correspondence   8.773847     True
12      shared_receipt_with_poi   8.746486     True
13                loan_advances   7.242730     True
14                     expenses   5.550684     True
15      from_poi_to_this_person   5.344942     True
16            fraction_from_poi   5.209650     True
17                        other   4.219888     True
18              fraction_to_poi   4.169084    False
19      from_this_person_to_poi   2.426508    False
20                director_fees   2.112762    False
21                  to_messages   1.698824    False
22    restricted_stock_deferred   0.743493    False
23            deferral_payments   0.221214    False
24                from_messages   0.164164    False

Pipeline(steps=[('minmaxer', MinMaxScaler(copy=True, feature_range=(0, 1))), ('selection', SelectKBest(k=17, score_func=<function f_classif at 0x11220e7d0>)), ('classifier', KMeans(copy_x=True, init='k-means++', max_iter=300, n_clusters=2, n_init=10,
    n_jobs=1, precompute_distances='auto', random_state=None, tol=0.1,
    verbose=0))])
	Accuracy: 0.52180	Precision: 0.14689	Recall: 0.53800	F1: 0.23078	F2: 0.35106
	Total predictions: 15000	True positives: 1076	False positives: 6249	False negatives:  924	True negatives: 6751

