
Time to fit: 0:00:02.381656

Best parameters set:
{}

Grid score:
0.334 for {}

Scored features: 10 selected
                        Feature      Score Selected
1       exercised_stock_options  22.610531     True
2                         bonus  21.060002     True
3                        salary  18.575703     True
4                  total_income  17.182708     True
5               deferred_income  11.561888     True
6   fraction_poi_correspondence  10.222227     True
7           long_term_incentive  10.072455     True
8              restricted_stock   8.964964     True
9      total_poi_correspondence   8.773847     True
10      shared_receipt_with_poi   8.746486     True
11                loan_advances   7.242730    False
12                     expenses   5.550684    False
13      from_poi_to_this_person   5.344942    False
14            fraction_from_poi   5.209650    False
15                        other   4.219888    False
16              fraction_to_poi   4.169084    False
17      from_this_person_to_poi   2.426508    False
18                director_fees   2.112762    False
19                  to_messages   1.698824    False
20    restricted_stock_deferred   0.743493    False
21            deferral_payments   0.221214    False
22                from_messages   0.164164    False

Pipeline(steps=[('minmaxer', MinMaxScaler(copy=True, feature_range=(0, 1))), ('selection', SelectKBest(k=10, score_func=<function f_classif at 0x1122de7d0>)), ('classifier', GaussianNB())])
	Accuracy: 0.83047	Precision: 0.34565	Recall: 0.30400	F1: 0.32349	F2: 0.31151
	Total predictions: 15000	True positives:  608	False positives: 1151	False negatives: 1392	True negatives: 11849

