
Time to fit: 0:01:04.198750

Best parameters set:
{'classifier__class_weight': 'balanced', 'selection__k': 17, 'classifier__C': 0.01}

Grid score:
0.444 for {'classifier__class_weight': 'balanced', 'selection__k': 10, 'classifier__C': 1e-05}
0.492 for {'classifier__class_weight': 'balanced', 'selection__k': 12, 'classifier__C': 1e-05}
0.495 for {'classifier__class_weight': 'balanced', 'selection__k': 17, 'classifier__C': 1e-05}
0.469 for {'classifier__class_weight': 'balanced', 'selection__k': 'all', 'classifier__C': 1e-05}
0.397 for {'classifier__class_weight': 'balanced', 'selection__k': 10, 'classifier__C': 0.01}
0.503 for {'classifier__class_weight': 'balanced', 'selection__k': 12, 'classifier__C': 0.01}
0.505 for {'classifier__class_weight': 'balanced', 'selection__k': 17, 'classifier__C': 0.01}
0.502 for {'classifier__class_weight': 'balanced', 'selection__k': 'all', 'classifier__C': 0.01}
0.384 for {'classifier__class_weight': 'balanced', 'selection__k': 10, 'classifier__C': 0.1}
0.439 for {'classifier__class_weight': 'balanced', 'selection__k': 12, 'classifier__C': 0.1}
0.455 for {'classifier__class_weight': 'balanced', 'selection__k': 17, 'classifier__C': 0.1}
0.443 for {'classifier__class_weight': 'balanced', 'selection__k': 'all', 'classifier__C': 0.1}
0.376 for {'classifier__class_weight': 'balanced', 'selection__k': 10, 'classifier__C': 1}
0.461 for {'classifier__class_weight': 'balanced', 'selection__k': 12, 'classifier__C': 1}
0.406 for {'classifier__class_weight': 'balanced', 'selection__k': 17, 'classifier__C': 1}
0.421 for {'classifier__class_weight': 'balanced', 'selection__k': 'all', 'classifier__C': 1}

Scored features: 17 selected
                      Feature      Score Selected
1     exercised_stock_options  22.610531     True
2                       bonus  21.060002     True
3                      salary  18.575703     True
4             deferred_income  11.561888     True
5         long_term_incentive  10.072455     True
6            restricted_stock   8.964964     True
7     shared_receipt_with_poi   8.746486     True
8               loan_advances   7.242730     True
9                    expenses   5.550684     True
10    from_poi_to_this_person   5.344942     True
11                      other   4.219888     True
12    from_this_person_to_poi   2.426508     True
13              director_fees   2.112762     True
14                to_messages   1.698824     True
15  restricted_stock_deferred   0.743493     True
16          deferral_payments   0.221214     True
17              from_messages   0.164164     True

Pipeline(steps=[('minmaxer', MinMaxScaler(copy=True, feature_range=(0, 1))), ('selection', SelectKBest(k=17, score_func=<function f_classif at 0x1123dd7d0>)), ('classifier', LogisticRegression(C=0.01, class_weight='balanced', dual=False,
          fit_intercept=True, intercept_scaling=1, max_iter=100,
          multi_class='ovr', n_jobs=1, penalty='l2', random_state=None,
          solver='liblinear', tol=0.0001, verbose=0, warm_start=False))])
	Accuracy: 0.74380	Precision: 0.29081	Recall: 0.64050	F1: 0.40000	F2: 0.51632
	Total predictions: 15000	True positives: 1281	False positives: 3124	False negatives:  719	True negatives: 9876

