
Time to fit: 0:01:13.178943

Best parameters set:
{'classifier__class_weight': 'balanced', 'selection__k': 12, 'classifier__C': 1}

Grid score:
0.133 for {'classifier__class_weight': 'balanced', 'selection__k': 10, 'classifier__C': 1e-05}
0.133 for {'classifier__class_weight': 'balanced', 'selection__k': 12, 'classifier__C': 1e-05}
0.133 for {'classifier__class_weight': 'balanced', 'selection__k': 17, 'classifier__C': 1e-05}
0.133 for {'classifier__class_weight': 'balanced', 'selection__k': 'all', 'classifier__C': 1e-05}
0.000 for {'classifier__class_weight': 'balanced', 'selection__k': 10, 'classifier__C': 0.01}
0.000 for {'classifier__class_weight': 'balanced', 'selection__k': 12, 'classifier__C': 0.01}
0.000 for {'classifier__class_weight': 'balanced', 'selection__k': 17, 'classifier__C': 0.01}
0.000 for {'classifier__class_weight': 'balanced', 'selection__k': 'all', 'classifier__C': 0.01}
0.134 for {'classifier__class_weight': 'balanced', 'selection__k': 10, 'classifier__C': 0.1}
0.133 for {'classifier__class_weight': 'balanced', 'selection__k': 12, 'classifier__C': 0.1}
0.133 for {'classifier__class_weight': 'balanced', 'selection__k': 17, 'classifier__C': 0.1}
0.133 for {'classifier__class_weight': 'balanced', 'selection__k': 'all', 'classifier__C': 0.1}
0.328 for {'classifier__class_weight': 'balanced', 'selection__k': 10, 'classifier__C': 1}
0.346 for {'classifier__class_weight': 'balanced', 'selection__k': 12, 'classifier__C': 1}
0.296 for {'classifier__class_weight': 'balanced', 'selection__k': 17, 'classifier__C': 1}
0.304 for {'classifier__class_weight': 'balanced', 'selection__k': 'all', 'classifier__C': 1}

Scored features: 12 selected
                      Feature      Score Selected
1     exercised_stock_options  22.610531     True
2                       bonus  21.060002     True
3                      salary  18.575703     True
4             deferred_income  11.561888     True
5         long_term_incentive  10.072455     True
6            restricted_stock   8.964964     True
7     shared_receipt_with_poi   8.746486     True
8               loan_advances   7.242730     True
9                    expenses   5.550684     True
10    from_poi_to_this_person   5.344942     True
11                      other   4.219888     True
12    from_this_person_to_poi   2.426508     True
13              director_fees   2.112762    False
14                to_messages   1.698824    False
15  restricted_stock_deferred   0.743493    False
16          deferral_payments   0.221214    False
17              from_messages   0.164164    False

Pipeline(steps=[('minmaxer', MinMaxScaler(copy=True, feature_range=(0, 1))), ('selection', SelectKBest(k=12, score_func=<function f_classif at 0x1123dd7d0>)), ('classifier', SVC(C=1, cache_size=200, class_weight='balanced', coef0=0.0,
  decision_function_shape=None, degree=3, gamma='auto', kernel='rbf',
  max_iter=-1, probability=False, random_state=None, shrinking=True,
  tol=0.001, verbose=False))])
	Accuracy: 0.79253	Precision: 0.27760	Recall: 0.34700	F1: 0.30844	F2: 0.33048
	Total predictions: 15000	True positives:  694	False positives: 1806	False negatives: 1306	True negatives: 11194

