
Time to fit: 0:00:02.423474

Best parameters set:
{}

Grid score:
0.263 for {}

Scored features: 10 selected
                        Feature      Score Selected
1             total_stock_value  22.782108     True
2       exercised_stock_options  22.610531     True
3                         bonus  21.060002     True
4                        salary  18.575703     True
5                  total_income  17.182708     True
6               deferred_income  11.561888     True
7   fraction_poi_correspondence  10.222227     True
8           long_term_incentive  10.072455     True
9                total_payments   9.380237     True
10             restricted_stock   8.964964     True
11     total_poi_correspondence   8.773847    False
12      shared_receipt_with_poi   8.746486    False
13                loan_advances   7.242730    False
14                     expenses   5.550684    False
15      from_poi_to_this_person   5.344942    False
16            fraction_from_poi   5.209650    False
17                        other   4.219888    False
18              fraction_to_poi   4.169084    False
19      from_this_person_to_poi   2.426508    False
20                director_fees   2.112762    False
21                  to_messages   1.698824    False
22    restricted_stock_deferred   0.743493    False
23            deferral_payments   0.221214    False
24                from_messages   0.164164    False

Pipeline(steps=[('minmaxer', MinMaxScaler(copy=True, feature_range=(0, 1))), ('selection', SelectKBest(k=10, score_func=<function f_classif at 0x11220e7d0>)), ('classifier', GaussianNB())])
	Accuracy: 0.83320	Precision: 0.34352	Recall: 0.27550	F1: 0.30577	F2: 0.28686
	Total predictions: 15000	True positives:  551	False positives: 1053	False negatives: 1449	True negatives: 11947

