
Time to fit: 0:01:11.274439

Best parameters set:
{'classifier__class_weight': 'balanced', 'selection__k': 20, 'classifier__C': 0.01}

Grid score:
0.221 for {'classifier__class_weight': 'balanced', 'selection__k': 10, 'classifier__C': 1e-05}
0.267 for {'classifier__class_weight': 'balanced', 'selection__k': 12, 'classifier__C': 1e-05}
0.277 for {'classifier__class_weight': 'balanced', 'selection__k': 17, 'classifier__C': 1e-05}
0.266 for {'classifier__class_weight': 'balanced', 'selection__k': 20, 'classifier__C': 1e-05}
0.274 for {'classifier__class_weight': 'balanced', 'selection__k': 'all', 'classifier__C': 1e-05}
0.340 for {'classifier__class_weight': 'balanced', 'selection__k': 10, 'classifier__C': 0.01}
0.402 for {'classifier__class_weight': 'balanced', 'selection__k': 12, 'classifier__C': 0.01}
0.467 for {'classifier__class_weight': 'balanced', 'selection__k': 17, 'classifier__C': 0.01}
0.487 for {'classifier__class_weight': 'balanced', 'selection__k': 20, 'classifier__C': 0.01}
0.477 for {'classifier__class_weight': 'balanced', 'selection__k': 'all', 'classifier__C': 0.01}
0.350 for {'classifier__class_weight': 'balanced', 'selection__k': 10, 'classifier__C': 0.1}
0.428 for {'classifier__class_weight': 'balanced', 'selection__k': 12, 'classifier__C': 0.1}
0.480 for {'classifier__class_weight': 'balanced', 'selection__k': 17, 'classifier__C': 0.1}
0.476 for {'classifier__class_weight': 'balanced', 'selection__k': 20, 'classifier__C': 0.1}
0.420 for {'classifier__class_weight': 'balanced', 'selection__k': 'all', 'classifier__C': 0.1}
0.339 for {'classifier__class_weight': 'balanced', 'selection__k': 10, 'classifier__C': 1}
0.364 for {'classifier__class_weight': 'balanced', 'selection__k': 12, 'classifier__C': 1}
0.279 for {'classifier__class_weight': 'balanced', 'selection__k': 17, 'classifier__C': 1}
0.318 for {'classifier__class_weight': 'balanced', 'selection__k': 20, 'classifier__C': 1}
0.347 for {'classifier__class_weight': 'balanced', 'selection__k': 'all', 'classifier__C': 1}

Scored features: 20 selected
                        Feature      Score Selected
1             total_stock_value  22.782108     True
2       exercised_stock_options  22.610531     True
3                         bonus  21.060002     True
4                        salary  18.575703     True
5                  total_income  17.182708     True
6               deferred_income  11.561888     True
7   fraction_poi_correspondence  10.222227     True
8           long_term_incentive  10.072455     True
9                total_payments   9.380237     True
10             restricted_stock   8.964964     True
11     total_poi_correspondence   8.773847     True
12      shared_receipt_with_poi   8.746486     True
13                loan_advances   7.242730     True
14                     expenses   5.550684     True
15      from_poi_to_this_person   5.344942     True
16            fraction_from_poi   5.209650     True
17                        other   4.219888     True
18              fraction_to_poi   4.169084     True
19      from_this_person_to_poi   2.426508     True
20                director_fees   2.112762     True
21                  to_messages   1.698824    False
22    restricted_stock_deferred   0.743493    False
23            deferral_payments   0.221214    False
24                from_messages   0.164164    False

Pipeline(steps=[('minmaxer', MinMaxScaler(copy=True, feature_range=(0, 1))), ('selection', SelectKBest(k=20, score_func=<function f_classif at 0x112ae7668>)), ('classifier', LinearSVC(C=0.01, class_weight='balanced', dual=True, fit_intercept=True,
     intercept_scaling=1, loss='squared_hinge', max_iter=1000,
     multi_class='ovr', penalty='l2', random_state=None, tol=0.0001,
     verbose=0))])
	Accuracy: 0.69413	Precision: 0.26204	Recall: 0.71250	F1: 0.38317	F2: 0.53021
	Total predictions: 15000	True positives: 1425	False positives: 4013	False negatives:  575	True negatives: 8987

