
Time to fit: 0:03:46.911023

Best parameters set:
{'selection__k': 17, 'classifier__tol': 1e-16, 'classifier__n_clusters': 2}

Grid score:
0.218 for {'selection__k': 10, 'classifier__tol': 1e-16, 'classifier__n_clusters': 2}
0.243 for {'selection__k': 12, 'classifier__tol': 1e-16, 'classifier__n_clusters': 2}
0.294 for {'selection__k': 17, 'classifier__tol': 1e-16, 'classifier__n_clusters': 2}
0.270 for {'selection__k': 'all', 'classifier__tol': 1e-16, 'classifier__n_clusters': 2}
0.208 for {'selection__k': 10, 'classifier__tol': 1e-08, 'classifier__n_clusters': 2}
0.244 for {'selection__k': 12, 'classifier__tol': 1e-08, 'classifier__n_clusters': 2}
0.272 for {'selection__k': 17, 'classifier__tol': 1e-08, 'classifier__n_clusters': 2}
0.264 for {'selection__k': 'all', 'classifier__tol': 1e-08, 'classifier__n_clusters': 2}
0.219 for {'selection__k': 10, 'classifier__tol': 0.0001, 'classifier__n_clusters': 2}
0.260 for {'selection__k': 12, 'classifier__tol': 0.0001, 'classifier__n_clusters': 2}
0.286 for {'selection__k': 17, 'classifier__tol': 0.0001, 'classifier__n_clusters': 2}
0.264 for {'selection__k': 'all', 'classifier__tol': 0.0001, 'classifier__n_clusters': 2}
0.219 for {'selection__k': 10, 'classifier__tol': 0.01, 'classifier__n_clusters': 2}
0.246 for {'selection__k': 12, 'classifier__tol': 0.01, 'classifier__n_clusters': 2}
0.252 for {'selection__k': 17, 'classifier__tol': 0.01, 'classifier__n_clusters': 2}
0.256 for {'selection__k': 'all', 'classifier__tol': 0.01, 'classifier__n_clusters': 2}
0.209 for {'selection__k': 10, 'classifier__tol': 0.1, 'classifier__n_clusters': 2}
0.261 for {'selection__k': 12, 'classifier__tol': 0.1, 'classifier__n_clusters': 2}
0.281 for {'selection__k': 17, 'classifier__tol': 0.1, 'classifier__n_clusters': 2}
0.264 for {'selection__k': 'all', 'classifier__tol': 0.1, 'classifier__n_clusters': 2}

Scored features: 17 selected
                      Feature      Score Selected
1           total_stock_value  22.782108     True
2     exercised_stock_options  22.610531     True
3                       bonus  21.060002     True
4                      salary  18.575703     True
5             deferred_income  11.561888     True
6         long_term_incentive  10.072455     True
7              total_payments   9.380237     True
8            restricted_stock   8.964964     True
9     shared_receipt_with_poi   8.746486     True
10              loan_advances   7.242730     True
11                   expenses   5.550684     True
12    from_poi_to_this_person   5.344942     True
13                      other   4.219888     True
14    from_this_person_to_poi   2.426508     True
15              director_fees   2.112762     True
16                to_messages   1.698824     True
17  restricted_stock_deferred   0.743493     True
18          deferral_payments   0.221214    False
19              from_messages   0.164164    False

Pipeline(steps=[('minmaxer', MinMaxScaler(copy=True, feature_range=(0, 1))), ('selection', SelectKBest(k=17, score_func=<function f_classif at 0x11233d668>)), ('classifier', KMeans(copy_x=True, init='k-means++', max_iter=300, n_clusters=2, n_init=10,
    n_jobs=1, precompute_distances='auto', random_state=None, tol=1e-16,
    verbose=0))])
	Accuracy: 0.52700	Precision: 0.13870	Recall: 0.48900	F1: 0.21611	F2: 0.32490
	Total predictions: 15000	True positives:  978	False positives: 6073	False negatives: 1022	True negatives: 6927

