
Time to fit: 0:01:07.097765

Best parameters set:
{'classifier__class_weight': 'balanced', 'selection__k': 17, 'classifier__C': 1}

Grid score:
0.133 for {'classifier__class_weight': 'balanced', 'selection__k': 10, 'classifier__C': 1e-05}
0.133 for {'classifier__class_weight': 'balanced', 'selection__k': 12, 'classifier__C': 1e-05}
0.133 for {'classifier__class_weight': 'balanced', 'selection__k': 17, 'classifier__C': 1e-05}
0.133 for {'classifier__class_weight': 'balanced', 'selection__k': 'all', 'classifier__C': 1e-05}
0.000 for {'classifier__class_weight': 'balanced', 'selection__k': 10, 'classifier__C': 0.01}
0.000 for {'classifier__class_weight': 'balanced', 'selection__k': 12, 'classifier__C': 0.01}
0.000 for {'classifier__class_weight': 'balanced', 'selection__k': 17, 'classifier__C': 0.01}
0.000 for {'classifier__class_weight': 'balanced', 'selection__k': 'all', 'classifier__C': 0.01}
0.142 for {'classifier__class_weight': 'balanced', 'selection__k': 10, 'classifier__C': 0.1}
0.134 for {'classifier__class_weight': 'balanced', 'selection__k': 12, 'classifier__C': 0.1}
0.133 for {'classifier__class_weight': 'balanced', 'selection__k': 17, 'classifier__C': 0.1}
0.133 for {'classifier__class_weight': 'balanced', 'selection__k': 'all', 'classifier__C': 0.1}
0.261 for {'classifier__class_weight': 'balanced', 'selection__k': 10, 'classifier__C': 1}
0.309 for {'classifier__class_weight': 'balanced', 'selection__k': 12, 'classifier__C': 1}
0.340 for {'classifier__class_weight': 'balanced', 'selection__k': 17, 'classifier__C': 1}
0.293 for {'classifier__class_weight': 'balanced', 'selection__k': 'all', 'classifier__C': 1}

Scored features: 17 selected
                      Feature      Score Selected
1           total_stock_value  22.782108     True
2     exercised_stock_options  22.610531     True
3                       bonus  21.060002     True
4                      salary  18.575703     True
5             deferred_income  11.561888     True
6         long_term_incentive  10.072455     True
7              total_payments   9.380237     True
8            restricted_stock   8.964964     True
9     shared_receipt_with_poi   8.746486     True
10              loan_advances   7.242730     True
11                   expenses   5.550684     True
12    from_poi_to_this_person   5.344942     True
13                      other   4.219888     True
14    from_this_person_to_poi   2.426508     True
15              director_fees   2.112762     True
16                to_messages   1.698824     True
17  restricted_stock_deferred   0.743493     True
18          deferral_payments   0.221214    False
19              from_messages   0.164164    False

Pipeline(steps=[('minmaxer', MinMaxScaler(copy=True, feature_range=(0, 1))), ('selection', SelectKBest(k=17, score_func=<function f_classif at 0x112240668>)), ('classifier', SVC(C=1, cache_size=200, class_weight='balanced', coef0=0.0,
  decision_function_shape=None, degree=3, gamma='auto', kernel='rbf',
  max_iter=-1, probability=False, random_state=None, shrinking=True,
  tol=0.001, verbose=False))])
	Accuracy: 0.80720	Precision: 0.29100	Recall: 0.31050	F1: 0.30044	F2: 0.30639
	Total predictions: 15000	True positives:  621	False positives: 1513	False negatives: 1379	True negatives: 11487

